Arguments: 
  /home/moocoding/.nvm/versions/node/v8.12.0/bin/node /mnt/c/Program Files (x86)/Yarn/bin/yarn.js

PATH: 
  /home/moocoding/anaconda3/bin:/home/moocoding/.nvm/versions/node/v8.12.0/bin:/usr/local/sbin:/usr/local/bin:/usr/sbin:/usr/bin:/sbin:/bin:/usr/games:/usr/local/games:/mnt/c/Windows/System32:/mnt/c/Windows:/mnt/c/Windows/System32/wbem:/mnt/c/Windows/System32/WindowsPowerShell/v1.0:/mnt/c/Windows/System32/OpenSSH:/mnt/c/Program Files/nodejs:/mnt/c/Program Files/Amazon/AWSCLI:/mnt/c/Program Files/Git/cmd:/mnt/c/Program Files/dotnet:/mnt/c/Program Files/Microsoft SQL Server/130/Tools/Binn:/mnt/c/Program Files/Microsoft VS Code Insiders/bin:/mnt/c/Program Files/Microsoft VS Code/bin:/mnt/c/Program Files/MongoDB/Server/4.0/bin:/mnt/c/Python37:/mnt/c/Python37/Scripts:/mnt/c/Program Files (x86)/Yarn/bin:/mnt/c/Python37/Scripts:/mnt/c/Python37:/mnt/c/Users/Manot/AppData/Local/Microsoft/WindowsApps:/mnt/c/Users/Manot/AppData/Roaming/npm:/mnt/c/Program Files/Heroku/bin:/mnt/c/Users/Manot/AppData/Local/Programs/Microsoft VS Code Insiders/bin:/mnt/c/php:/mnt/c/Users/Manot/AppData/Local/hyper/app-2.0.0/resources/bin:/mnt/c/Users/Manot/AppData/Local/Programs/Microsoft VS Code/bin:/mnt/c/Users/Manot/AppData/Local/GitHubDesktop/bin:/mnt/c/Program Files/Docker Toolbox:/mnt/c/Users/Manot/AppData/Local/Yarn/bin:/snap/bin

Yarn version: 
  1.10.1

Node version: 
  8.12.0

Platform: 
  linux x64

Trace: 
  SyntaxError: /mnt/c/Dev/nextjstutorial/package.json: Unexpected token } in JSON at position 807
      at JSON.parse (<anonymous>)
      at /mnt/c/Program Files (x86)/Yarn/lib/cli.js:1136:59
      at Generator.next (<anonymous>)
      at step (/mnt/c/Program Files (x86)/Yarn/lib/cli.js:98:30)
      at /mnt/c/Program Files (x86)/Yarn/lib/cli.js:109:13
      at <anonymous>

npm manifest: 
  {
    "name": "nextturorial",
    "version": "1.0.0",
    "main": "index.js",
    "scripts": {
      "dev": "nodemon server/app.js",
      "build": "next build",
      "start": "next start"
    },
    "repository": "git@github.com:ManotLuijiu/nextjstutorial.git",
    "author": "Manot Luijiu",
    "license": "MIT",
    "dependencies": {
      "@material-ui/core": "^3.5.1",
      "@material-ui/icons": "^3.0.1",
      "@zeit/next-sass": "^1.0.1",
      "babel-plugin-module-resolver": "^3.1.1",
      "babel-plugin-wrap-in-js": "^1.1.1",
      "express": "^4.16.4",
      "glob": "^7.1.3",
      "next": "latest",
      "node-sass": "^4.10.0",
      "postcss-easy-import": "^3.0.0",
      "prop-types": "^15.6.2",
      "raw-loader": "^0.5.1",
      "react": "^16.6.3",
      "react-dom": "^16.6.3",
      "react-jss": "^8.6.1",
      "sass-loader": "^7.1.0",
    },
    "devDependencies": {
      "autoprefixer": "^9.3.1",
      "babel-eslint": "^10.0.1",
      "eslint": "^5.7.0",
      "eslint-config-airbnb": "^17.1.0",
      "eslint-plugin-import": "^2.14.0",
      "eslint-plugin-jsx-a11y": "^6.1.2",
      "eslint-plugin-react": "^7.11.1",
      "tailwindcss": "^0.7.2"
    }
  }

yarn manifest: 
  No manifest

Lockfile: 
  No lockfile
